<?xml version="1.0" encoding="UTF-8"?>
<!-- Generated by org.testng.reporters.JUnitReportReporter -->
<testsuite hostname="DESKTOP-SDCCQQ7" failures="0" tests="1" name="by.ittechno.tests.IncreaseQuantityProductInCartTest" time="24.610" errors="0" timestamp="2020-07-22T11:21:03 GMT+04:00" skipped="0">
  <testcase classname="by.ittechno.tests.IncreaseQuantityProductInCartTest" name="increaseQuantityProductInCartTest" time="24.610"/>
</testsuite> <!-- by.ittechno.tests.IncreaseQuantityProductInCartTest -->
