<?xml version="1.0" encoding="UTF-8"?>
<!-- Generated by org.testng.reporters.JUnitReportReporter -->
<testsuite hostname="DESKTOP-SDCCQQ7" failures="0" tests="1" name="by.ittechno.tests.OpenCartTest" time="32.721" errors="0" timestamp="2020-07-27T02:49:06 GMT+04:00" skipped="0">
  <testcase classname="by.ittechno.tests.OpenCartTest" name="openCart" time="32.721"/>
</testsuite> <!-- by.ittechno.tests.OpenCartTest -->
